

HI-TECH Software PIC LITE Macro Assembler V9.83 build 10920 
                                                                                               Sun Mar 16 21:44:20 2014

HI-TECH Software Omniscient Code Generator (Lite mode) build 10920
     1  0000                     opt subtitle "HI-TECH Software Omniscient Code Generator (Lite mode) build 10920"
     2                           
     3                           opt pagewidth 120
     4                           
     5                           	opt lm
     6                           
     7                           	processor	16F877A
     8                           clrc	macro
     9                           	bcf	3,0
    10  0000                     	endm
    11                           clrz	macro
    12                           	bcf	3,2
    13  0000                     	endm
    14                           setc	macro
    15                           	bsf	3,0
    16  0000                     	endm
    17                           setz	macro
    18                           	bsf	3,2
    19  0000                     	endm
    20                           skipc	macro
    21                           	btfss	3,0
    22  0000                     	endm
    23                           skipz	macro
    24                           	btfss	3,2
    25  0000                     	endm
    26                           skipnc	macro
    27                           	btfsc	3,0
    28  0000                     	endm
    29                           skipnz	macro
    30                           	btfsc	3,2
    31  0000                     	endm
    32  0000                     indf	equ	0
    33  0000                     indf0	equ	0
    34  0002                     pc	equ	2
    35  0002                     pcl	equ	2
    36  0003                     status	equ	3
    37  0004                     fsr	equ	4
    38  0004                     fsr0	equ	4
    39  0001                     c	equ	1
    40  0000                     z	equ	0
    41  000A                     pclath	equ	10
    42                           	FNCALL	_main,_delay_sec
    43                           	FNCALL	_delay_sec,_delay_ms
    44                           	FNCALL	_delay_ms,_delay_us
    45                           	FNROOT	_main
    46                           	global	_PORTA
    47                           psect	maintext,global,class=CODE,delta=2
    48                           global __pmaintext
    49  07D4                     __pmaintext:
    50  0005                     _PORTA	set	5
    51                           	global	_PORTB
    52  0006                     _PORTB	set	6
    53                           	global	_PORTC
    54  0007                     _PORTC	set	7
    55                           	global	_PORTD
    56  0008                     _PORTD	set	8
    57                           	global	_PORTE
    58  0009                     _PORTE	set	9
    59                           	global	_CARRY
    60  0018                     _CARRY	set	24
    61                           	global	_GIE
    62  005F                     _GIE	set	95
    63                           	global	_TRISA
    64  0085                     _TRISA	set	133
    65                           	global	_TRISB
    66  0086                     _TRISB	set	134
    67                           	global	_TRISC
    68  0087                     _TRISC	set	135
    69                           	global	_TRISD
    70  0088                     _TRISD	set	136
    71                           	global	_TRISE
    72  0089                     _TRISE	set	137
    73                           	global	_EEADR
    74  010D                     _EEADR	set	269
    75                           	global	_EEDATA
    76  010C                     _EEDATA	set	268
    77                           	global	_EECON1
    78  018C                     _EECON1	set	396
    79                           	global	_EECON2
    80  018D                     _EECON2	set	397
    81                           	global	_RD
    82  0C60                     _RD	set	3168
    83                           	global	_WR
    84  0C61                     _WR	set	3169
    85                           	global	_WREN
    86  0C62                     _WREN	set	3170
    87                           	file	"Led_Bilnking.as"
    88                           	line	#
    89                           psect cinit,class=CODE,delta=2
    90                           global start_initialization
    91  0792                     start_initialization:
    92                           
    93                           psect cinit,class=CODE,delta=2
    94                           global end_of_initialization
    95                           
    96                           ;End of C runtime variable initialization code
    97                           
    98  0792                     end_of_initialization:
    99  0792  0183               clrf status
   100  0793  120A  118A  2FD4   ljmp _main	;jump to C main() function
   101                           psect	cstackCOMMON,class=COMMON,space=1
   102                           global __pcstackCOMMON
   103  0070                     __pcstackCOMMON:
   104                           	global	?_delay_sec
   105  0070                     ?_delay_sec:	; 0 bytes @ 0x0
   106                           	global	?_main
   107  0070                     ?_main:	; 0 bytes @ 0x0
   108                           	global	?_delay_us
   109  0070                     ?_delay_us:	; 0 bytes @ 0x0
   110                           	global	delay_us@us_count
   111  0070                     delay_us@us_count:	; 2 bytes @ 0x0
   112  0070                     	ds	2
   113                           	global	??_delay_us
   114  0072                     ??_delay_us:	; 0 bytes @ 0x2
   115                           	global	?_delay_ms
   116  0072                     ?_delay_ms:	; 0 bytes @ 0x2
   117                           	global	delay_ms@ms_count
   118  0072                     delay_ms@ms_count:	; 2 bytes @ 0x2
   119  0072                     	ds	2
   120                           	global	??_delay_sec
   121  0074                     ??_delay_sec:	; 0 bytes @ 0x4
   122                           	global	??_delay_ms
   123  0074                     ??_delay_ms:	; 0 bytes @ 0x4
   124                           	global	delay_sec@sec_count
   125  0074                     delay_sec@sec_count:	; 1 bytes @ 0x4
   126  0074                     	ds	1
   127                           	global	??_main
   128  0075                     ??_main:	; 0 bytes @ 0x5
   129 ;;Data sizes: Strings 0, constant 0, data 0, bss 0, persistent 0 stack 0
   130 ;;Auto spaces:   Size  Autos    Used
   131 ;; COMMON          14      5       5
   132 ;; BANK0           80      0       0
   133 ;; BANK1           80      0       0
   134 ;; BANK3           96      0       0
   135 ;; BANK2           96      0       0
   136                           
   137 ;;
   138 ;; Pointer list with targets:
   139                           
   140                           
   141                           
   142 ;;
   143 ;; Critical Paths under _main in COMMON
   144 ;;
   145 ;;   _main->_delay_sec
   146 ;;   _delay_sec->_delay_ms
   147 ;;   _delay_ms->_delay_us
   148 ;;
   149 ;; Critical Paths under _main in BANK0
   150 ;;
   151 ;;   None.
   152 ;;
   153 ;; Critical Paths under _main in BANK1
   154 ;;
   155 ;;   None.
   156 ;;
   157 ;; Critical Paths under _main in BANK3
   158 ;;
   159 ;;   None.
   160 ;;
   161 ;; Critical Paths under _main in BANK2
   162 ;;
   163 ;;   None.
   164                           
   165 ;;
   166 ;;Main: autosize = 0, tempsize = 0, incstack = 0, save=0
   167 ;;
   168                           
   169 ;;
   170 ;;Call Graph Tables:
   171 ;;
   172 ;; ---------------------------------------------------------------------------------
   173 ;; (Depth) Function   	        Calls       Base Space   Used Autos Params    Refs
   174 ;; ---------------------------------------------------------------------------------
   175 ;; (0) _main                                                 0     0      0      45
   176 ;;                          _delay_sec
   177 ;; ---------------------------------------------------------------------------------
   178 ;; (1) _delay_sec                                            1     1      0      45
   179 ;;                                              4 COMMON     1     1      0
   180 ;;                           _delay_ms
   181 ;; ---------------------------------------------------------------------------------
   182 ;; (2) _delay_ms                                             2     0      2      30
   183 ;;                                              2 COMMON     2     0      2
   184 ;;                           _delay_us
   185 ;; ---------------------------------------------------------------------------------
   186 ;; (3) _delay_us                                             2     0      2      15
   187 ;;                                              0 COMMON     2     0      2
   188 ;; ---------------------------------------------------------------------------------
   189 ;; Estimated maximum stack depth 3
   190 ;; ---------------------------------------------------------------------------------
   191                           
   192 ;; Call Graph Graphs:
   193                           
   194 ;; _main (ROOT)
   195 ;;   _delay_sec
   196 ;;     _delay_ms
   197 ;;       _delay_us
   198 ;;
   199                           
   200 ;; Address spaces:
   201                           
   202 ;;Name               Size   Autos  Total    Cost      Usage
   203 ;;BITCOMMON            E      0       0       0        0.0%
   204 ;;EEDATA             100      0       0       0        0.0%
   205 ;;NULL                 0      0       0       0        0.0%
   206 ;;CODE                 0      0       0       0        0.0%
   207 ;;COMMON               E      5       5       1       35.7%
   208 ;;BITSFR0              0      0       0       1        0.0%
   209 ;;SFR0                 0      0       0       1        0.0%
   210 ;;BITSFR1              0      0       0       2        0.0%
   211 ;;SFR1                 0      0       0       2        0.0%
   212 ;;STACK                0      0       3       2        0.0%
   213 ;;ABS                  0      0       0       3        0.0%
   214 ;;BITBANK0            50      0       0       4        0.0%
   215 ;;BITSFR3              0      0       0       4        0.0%
   216 ;;SFR3                 0      0       0       4        0.0%
   217 ;;BANK0               50      0       0       5        0.0%
   218 ;;BITSFR2              0      0       0       5        0.0%
   219 ;;SFR2                 0      0       0       5        0.0%
   220 ;;BITBANK1            50      0       0       6        0.0%
   221 ;;BANK1               50      0       0       7        0.0%
   222 ;;BITBANK3            60      0       0       8        0.0%
   223 ;;BANK3               60      0       0       9        0.0%
   224 ;;BITBANK2            60      0       0      10        0.0%
   225 ;;BANK2               60      0       0      11        0.0%
   226 ;;DATA                 0      0       0      12        0.0%
   227                           
   228                           	global	_main
   229                           psect	maintext
   230                           
   231 ;; *************** function _main *****************
   232 ;; Defined at:
   233 ;;		line 22 in file "F:\work_space\Sample_Programs_updated\Pic\Pro_Pic\Led\Led_Bilnking\main.c"
   234 ;; Parameters:    Size  Location     Type
   235 ;;		None
   236 ;; Auto vars:     Size  Location     Type
   237 ;;		None
   238 ;; Return value:  Size  Location     Type
   239 ;;		None               void
   240 ;; Registers used:
   241 ;;		wreg, status,2, status,0, pclath, cstack
   242 ;; Tracked objects:
   243 ;;		On entry : 17F/0
   244 ;;		On exit  : 0/0
   245 ;;		Unchanged: 0/0
   246 ;; Data sizes:     COMMON   BANK0   BANK1   BANK3   BANK2
   247 ;;      Params:         0       0       0       0       0
   248 ;;      Locals:         0       0       0       0       0
   249 ;;      Temps:          0       0       0       0       0
   250 ;;      Totals:         0       0       0       0       0
   251 ;;Total ram usage:        0 bytes
   252 ;; Hardware stack levels required when called:    3
   253 ;; This function calls:
   254 ;;		_delay_sec
   255 ;; This function is called by:
   256 ;;		Startup code after reset
   257 ;; This function uses a non-reentrant model
   258 ;;
   259                           psect	maintext
   260                           	file	"F:\work_space\Sample_Programs_updated\Pic\Pro_Pic\Led\Led_Bilnking\main.c"
   261                           	line	22
   262                           	global	__size_of_main
   263  002C                     	__size_of_main	equ	__end_of_main-_main
   264                           	
   265  07D4                     _main:	
   266                           	opt	stack 5
   267                           ; Regs used in _main: [wreg+status,2+status,0+pclath+cstack]
   268                           	line	24
   269                           	
   270  07D4                     l3317:	
   271                           ;main.c: 24: TRISA=0x00;
   272  07D4  1683               	bsf	status, 5	;RP0=1, select bank1
   273  07D5  1303               	bcf	status, 6	;RP1=0, select bank1
   274  07D6  0185               	clrf	(133)^080h	;volatile
   275                           	line	25
   276                           ;main.c: 25: TRISB=0x00;
   277  07D7  0186               	clrf	(134)^080h	;volatile
   278                           	line	26
   279                           ;main.c: 26: TRISC=0x00;
   280  07D8  0187               	clrf	(135)^080h	;volatile
   281                           	line	27
   282                           ;main.c: 27: TRISD=0x00;
   283  07D9  0188               	clrf	(136)^080h	;volatile
   284                           	line	28
   285                           ;main.c: 28: TRISE=0x00;
   286  07DA  0189               	clrf	(137)^080h	;volatile
   287  07DB  2FDC               	goto	l3319
   288                           	line	30
   289                           ;main.c: 30: while(1)
   290                           	
   291  07DC                     l687:	
   292                           	line	34
   293                           	
   294  07DC                     l3319:	
   295                           ;main.c: 31: {
   296                           ;main.c: 34: PORTA=0xFF;
   297  07DC  30FF               	movlw	(0FFh)
   298  07DD  1283               	bcf	status, 5	;RP0=0, select bank0
   299  07DE  1303               	bcf	status, 6	;RP1=0, select bank0
   300  07DF  0085               	movwf	(5)	;volatile
   301                           	line	35
   302                           	
   303  07E0                     l3321:	
   304                           ;main.c: 35: PORTB=0xFF;
   305  07E0  30FF               	movlw	(0FFh)
   306  07E1  0086               	movwf	(6)	;volatile
   307                           	line	36
   308                           	
   309  07E2                     l3323:	
   310                           ;main.c: 36: PORTC=0xFF;
   311  07E2  30FF               	movlw	(0FFh)
   312  07E3  0087               	movwf	(7)	;volatile
   313                           	line	37
   314                           	
   315  07E4                     l3325:	
   316                           ;main.c: 37: PORTD=0xFF;
   317  07E4  30FF               	movlw	(0FFh)
   318  07E5  0088               	movwf	(8)	;volatile
   319                           	line	38
   320                           	
   321  07E6                     l3327:	
   322                           ;main.c: 38: PORTE=0xFF;
   323  07E6  30FF               	movlw	(0FFh)
   324  07E7  0089               	movwf	(9)	;volatile
   325                           	line	40
   326                           	
   327  07E8                     l3329:	
   328                           ;main.c: 40: delay_sec(1);
   329  07E8  3001               	movlw	(01h)
   330  07E9  120A  118A  27A6   	fcall	_delay_sec
              120A  118A         
   331                           	line	44
   332                           	
   333  07EE                     l3331:	
   334                           ;main.c: 44: PORTA=0x00;
   335  07EE  1283               	bcf	status, 5	;RP0=0, select bank0
   336  07EF  1303               	bcf	status, 6	;RP1=0, select bank0
   337  07F0  0185               	clrf	(5)	;volatile
   338                           	line	45
   339                           	
   340  07F1                     l3333:	
   341                           ;main.c: 45: PORTB=0x00;
   342  07F1  0186               	clrf	(6)	;volatile
   343                           	line	46
   344                           	
   345  07F2                     l3335:	
   346                           ;main.c: 46: PORTC=0x00;
   347  07F2  0187               	clrf	(7)	;volatile
   348                           	line	47
   349                           	
   350  07F3                     l3337:	
   351                           ;main.c: 47: PORTD=0x00;
   352  07F3  0188               	clrf	(8)	;volatile
   353                           	line	48
   354                           	
   355  07F4                     l3339:	
   356                           ;main.c: 48: PORTE=0x00;
   357  07F4  0189               	clrf	(9)	;volatile
   358                           	line	50
   359                           	
   360  07F5                     l3341:	
   361                           ;main.c: 50: delay_sec(1);
   362  07F5  3001               	movlw	(01h)
   363  07F6  120A  118A  27A6   	fcall	_delay_sec
              120A  118A         
   364  07FB  2FDC               	goto	l3319
   365                           	line	51
   366                           	
   367  07FC                     l688:	
   368                           	line	30
   369  07FC  2FDC               	goto	l3319
   370                           	
   371  07FD                     l689:	
   372                           	line	52
   373                           	
   374  07FD                     l690:	
   375                           	global	start
   376  07FD  120A  118A  2800   	ljmp	start
   377                           	opt stack 0
   378                           GLOBAL	__end_of_main
   379  0800                     	__end_of_main:
   380 ;; =============== function _main ends ============
   381                           
   382                           	signat	_main,88
   383                           	global	_delay_sec
   384                           psect	text83,local,class=CODE,delta=2
   385                           global __ptext83
   386  07A6                     __ptext83:
   387                           
   388 ;; *************** function _delay_sec *****************
   389 ;; Defined at:
   390 ;;		line 75 in file "F:\work_space\Sample_Programs_updated\Pic\Pro_Pic\Led\Led_Bilnking\delay.c"
   391 ;; Parameters:    Size  Location     Type
   392 ;;  sec_count       1    wreg     unsigned char 
   393 ;; Auto vars:     Size  Location     Type
   394 ;;  sec_count       1    4[COMMON] unsigned char 
   395 ;; Return value:  Size  Location     Type
   396 ;;		None               void
   397 ;; Registers used:
   398 ;;		wreg, status,2, status,0, pclath, cstack
   399 ;; Tracked objects:
   400 ;;		On entry : 0/0
   401 ;;		On exit  : 0/0
   402 ;;		Unchanged: 0/0
   403 ;; Data sizes:     COMMON   BANK0   BANK1   BANK3   BANK2
   404 ;;      Params:         0       0       0       0       0
   405 ;;      Locals:         1       0       0       0       0
   406 ;;      Temps:          0       0       0       0       0
   407 ;;      Totals:         1       0       0       0       0
   408 ;;Total ram usage:        1 bytes
   409 ;; Hardware stack levels used:    1
   410 ;; Hardware stack levels required when called:    2
   411 ;; This function calls:
   412 ;;		_delay_ms
   413 ;; This function is called by:
   414 ;;		_main
   415 ;; This function uses a non-reentrant model
   416 ;;
   417                           psect	text83
   418                           	file	"F:\work_space\Sample_Programs_updated\Pic\Pro_Pic\Led\Led_Bilnking\delay.c"
   419                           	line	75
   420                           	global	__size_of_delay_sec
   421  0015                     	__size_of_delay_sec	equ	__end_of_delay_sec-_delay_sec
   422                           	
   423  07A6                     _delay_sec:	
   424                           	opt	stack 5
   425                           ; Regs used in _delay_sec: [wreg+status,2+status,0+pclath+cstack]
   426                           ;delay_sec@sec_count stored from wreg
   427  07A6  00F4               	movwf	(delay_sec@sec_count)
   428                           	line	78
   429                           	
   430  07A7                     l3309:	
   431                           ;delay.c: 78: while(sec_count!=0)
   432  07A7  2FB4               	goto	l3315
   433                           	
   434  07A8                     l1388:	
   435                           	line	80
   436                           	
   437  07A8                     l3311:	
   438                           ;delay.c: 79: {
   439                           ;delay.c: 80: delay_ms(1000);
   440  07A8  30E8               	movlw	low(03E8h)
   441  07A9  00F2               	movwf	(?_delay_ms)
   442  07AA  3003               	movlw	high(03E8h)
   443  07AB  00F3               	movwf	((?_delay_ms))+1
   444  07AC  120A  118A  27BB   	fcall	_delay_ms
              120A  118A         
   445                           	line	81
   446                           	
   447  07B1                     l3313:	
   448                           ;delay.c: 81: sec_count--;
   449  07B1  3001               	movlw	low(01h)
   450  07B2  02F4               	subwf	(delay_sec@sec_count),f
   451  07B3  2FB4               	goto	l3315
   452                           	line	82
   453                           	
   454  07B4                     l1387:	
   455                           	line	78
   456                           	
   457  07B4                     l3315:	
   458  07B4  08F4               	movf	(delay_sec@sec_count),f
   459  07B5  1D03               	skipz
   460  07B6  2FB8               	goto	u2241
   461  07B7  2FB9               	goto	u2240
   462  07B8                     u2241:
   463  07B8  2FA8               	goto	l3311
   464  07B9                     u2240:
   465  07B9  2FBA               	goto	l1390
   466                           	
   467  07BA                     l1389:	
   468                           	line	83
   469                           	
   470  07BA                     l1390:	
   471  07BA  0008               	return
   472                           	opt stack 0
   473                           GLOBAL	__end_of_delay_sec
   474  07BB                     	__end_of_delay_sec:
   475 ;; =============== function _delay_sec ends ============
   476                           
   477                           	signat	_delay_sec,4216
   478                           	global	_delay_ms
   479                           psect	text84,local,class=CODE,delta=2
   480                           global __ptext84
   481  07BB                     __ptext84:
   482                           
   483 ;; *************** function _delay_ms *****************
   484 ;; Defined at:
   485 ;;		line 47 in file "F:\work_space\Sample_Programs_updated\Pic\Pro_Pic\Led\Led_Bilnking\delay.c"
   486 ;; Parameters:    Size  Location     Type
   487 ;;  ms_count        2    2[COMMON] unsigned int 
   488 ;; Auto vars:     Size  Location     Type
   489 ;;		None
   490 ;; Return value:  Size  Location     Type
   491 ;;		None               void
   492 ;; Registers used:
   493 ;;		wreg, status,2, status,0, pclath, cstack
   494 ;; Tracked objects:
   495 ;;		On entry : 0/0
   496 ;;		On exit  : 0/0
   497 ;;		Unchanged: 0/0
   498 ;; Data sizes:     COMMON   BANK0   BANK1   BANK3   BANK2
   499 ;;      Params:         2       0       0       0       0
   500 ;;      Locals:         0       0       0       0       0
   501 ;;      Temps:          0       0       0       0       0
   502 ;;      Totals:         2       0       0       0       0
   503 ;;Total ram usage:        2 bytes
   504 ;; Hardware stack levels used:    1
   505 ;; Hardware stack levels required when called:    1
   506 ;; This function calls:
   507 ;;		_delay_us
   508 ;; This function is called by:
   509 ;;		_delay_sec
   510 ;; This function uses a non-reentrant model
   511 ;;
   512                           psect	text84
   513                           	file	"F:\work_space\Sample_Programs_updated\Pic\Pro_Pic\Led\Led_Bilnking\delay.c"
   514                           	line	47
   515                           	global	__size_of_delay_ms
   516  0019                     	__size_of_delay_ms	equ	__end_of_delay_ms-_delay_ms
   517                           	
   518  07BB                     _delay_ms:	
   519                           	opt	stack 5
   520                           ; Regs used in _delay_ms: [wreg+status,2+status,0+pclath+cstack]
   521                           	line	48
   522                           	
   523  07BB                     l3301:	
   524                           ;delay.c: 48: while(ms_count!=0)
   525  07BB  2FCC               	goto	l3307
   526                           	
   527  07BC                     l1382:	
   528                           	line	50
   529                           	
   530  07BC                     l3303:	
   531                           ;delay.c: 49: {
   532                           ;delay.c: 50: delay_us(300);
   533  07BC  302C               	movlw	low(012Ch)
   534  07BD  00F0               	movwf	(?_delay_us)
   535  07BE  3001               	movlw	high(012Ch)
   536  07BF  00F1               	movwf	((?_delay_us))+1
   537  07C0  120A  118A  2796   	fcall	_delay_us
              120A  118A         
   538                           	line	51
   539                           	
   540  07C5                     l3305:	
   541                           ;delay.c: 51: ms_count--;
   542  07C5  3001               	movlw	low(01h)
   543  07C6  02F2               	subwf	(delay_ms@ms_count),f
   544  07C7  3000               	movlw	high(01h)
   545  07C8  1C03               	skipc
   546  07C9  03F3               	decf	(delay_ms@ms_count+1),f
   547  07CA  02F3               	subwf	(delay_ms@ms_count+1),f
   548  07CB  2FCC               	goto	l3307
   549                           	line	52
   550                           	
   551  07CC                     l1381:	
   552                           	line	48
   553                           	
   554  07CC                     l3307:	
   555  07CC  0873               	movf	((delay_ms@ms_count+1)),w
   556  07CD  0472               	iorwf	((delay_ms@ms_count)),w
   557  07CE  1D03               	skipz
   558  07CF  2FD1               	goto	u2231
   559  07D0  2FD2               	goto	u2230
   560  07D1                     u2231:
   561  07D1  2FBC               	goto	l3303
   562  07D2                     u2230:
   563  07D2  2FD3               	goto	l1384
   564                           	
   565  07D3                     l1383:	
   566                           	line	54
   567                           	
   568  07D3                     l1384:	
   569  07D3  0008               	return
   570                           	opt stack 0
   571                           GLOBAL	__end_of_delay_ms
   572  07D4                     	__end_of_delay_ms:
   573 ;; =============== function _delay_ms ends ============
   574                           
   575                           	signat	_delay_ms,4216
   576                           	global	_delay_us
   577                           psect	text85,local,class=CODE,delta=2
   578                           global __ptext85
   579  0796                     __ptext85:
   580                           
   581 ;; *************** function _delay_us *****************
   582 ;; Defined at:
   583 ;;		line 26 in file "F:\work_space\Sample_Programs_updated\Pic\Pro_Pic\Led\Led_Bilnking\delay.c"
   584 ;; Parameters:    Size  Location     Type
   585 ;;  us_count        2    0[COMMON] unsigned int 
   586 ;; Auto vars:     Size  Location     Type
   587 ;;		None
   588 ;; Return value:  Size  Location     Type
   589 ;;		None               void
   590 ;; Registers used:
   591 ;;		wreg, status,2, status,0
   592 ;; Tracked objects:
   593 ;;		On entry : 0/0
   594 ;;		On exit  : 0/0
   595 ;;		Unchanged: 0/0
   596 ;; Data sizes:     COMMON   BANK0   BANK1   BANK3   BANK2
   597 ;;      Params:         2       0       0       0       0
   598 ;;      Locals:         0       0       0       0       0
   599 ;;      Temps:          0       0       0       0       0
   600 ;;      Totals:         2       0       0       0       0
   601 ;;Total ram usage:        2 bytes
   602 ;; Hardware stack levels used:    1
   603 ;; This function calls:
   604 ;;		Nothing
   605 ;; This function is called by:
   606 ;;		_delay_ms
   607 ;; This function uses a non-reentrant model
   608 ;;
   609                           psect	text85
   610                           	file	"F:\work_space\Sample_Programs_updated\Pic\Pro_Pic\Led\Led_Bilnking\delay.c"
   611                           	line	26
   612                           	global	__size_of_delay_us
   613  0010                     	__size_of_delay_us	equ	__end_of_delay_us-_delay_us
   614                           	
   615  0796                     _delay_us:	
   616                           	opt	stack 5
   617                           ; Regs used in _delay_us: [wreg+status,2+status,0]
   618                           	line	27
   619                           	
   620  0796                     l2437:	
   621                           ;delay.c: 27: while(us_count!=0)
   622  0796  2F9E               	goto	l2441
   623                           	
   624  0797                     l1376:	
   625                           	line	29
   626                           	
   627  0797                     l2439:	
   628                           ;delay.c: 28: {
   629                           ;delay.c: 29: us_count--;
   630  0797  3001               	movlw	low(01h)
   631  0798  02F0               	subwf	(delay_us@us_count),f
   632  0799  3000               	movlw	high(01h)
   633  079A  1C03               	skipc
   634  079B  03F1               	decf	(delay_us@us_count+1),f
   635  079C  02F1               	subwf	(delay_us@us_count+1),f
   636  079D  2F9E               	goto	l2441
   637                           	line	30
   638                           	
   639  079E                     l1375:	
   640                           	line	27
   641                           	
   642  079E                     l2441:	
   643  079E  0871               	movf	((delay_us@us_count+1)),w
   644  079F  0470               	iorwf	((delay_us@us_count)),w
   645  07A0  1D03               	skipz
   646  07A1  2FA3               	goto	u11
   647  07A2  2FA4               	goto	u10
   648  07A3                     u11:
   649  07A3  2F97               	goto	l2439
   650  07A4                     u10:
   651  07A4  2FA5               	goto	l1378
   652                           	
   653  07A5                     l1377:	
   654                           	line	31
   655                           	
   656  07A5                     l1378:	
   657  07A5  0008               	return
   658                           	opt stack 0
   659                           GLOBAL	__end_of_delay_us
   660  07A6                     	__end_of_delay_us:
   661 ;; =============== function _delay_us ends ============
   662                           
   663                           	signat	_delay_us,4216
   664                           psect	text86,local,class=CODE,delta=2
   665                           global __ptext86
   666  0000                     __ptext86:
   667                           	global	btemp
   668  007E                     	btemp set 07Eh
   669                           
   670                           	DABS	1,126,2	;btemp
   671                           	global	wtemp0
   672  007E                     	wtemp0 set btemp


HI-TECH Software PICC Macro Assembler V9.83 build 10920 
Symbol Table                                                                                   Sun Mar 16 21:44:20 2014

                  _RD 0C60                    u10 07A4                    u11 07A3                    _WR 0C61  
                 l690 07FD                   l687 07DC                   l688 07FC                   l689 07FD  
                 _GIE 005F                  l1381 07CC                  l3301 07BB                  l1382 07BC  
                l1390 07BA                  l1375 079E                  l1383 07D3                  l3303 07BC  
                l3311 07A8                  l1376 0797                  l1384 07D3                  l1377 07A5  
                l2441 079E                  l3305 07C5                  l3313 07B1                  l3321 07E0  
                l1378 07A5                  l3307 07CC                  l1387 07B4                  l3315 07B4  
                l3331 07EE                  l3323 07E2                  l1388 07A8                  l2437 0796  
                l1389 07BA                  l3309 07A7                  l3341 07F5                  l3333 07F1  
                l3325 07E4                  l3317 07D4                  l2439 0797                  l3335 07F2  
                l3327 07E6                  l3319 07DC                  l3337 07F3                  l3329 07E8  
                l3339 07F4                  u2230 07D2                  u2231 07D1                  u2240 07B9  
                u2241 07B8                  _WREN 0C62                  _main 07D4                  btemp 007E  
                start 0000                 ?_main 0070                 _EEADR 010D                 _CARRY 0018  
               _PORTA 0005                 _PORTB 0006                 _PORTC 0007                 _PORTD 0008  
               _PORTE 0009                 _TRISA 0085                 _TRISB 0086                 _TRISC 0087  
               _TRISD 0088                 _TRISE 0089                 status 0003                 wtemp0 007E  
        __end_of_main 0800                ??_main 0075                _EEDATA 010C                _EECON1 018C  
              _EECON2 018D      __end_of_delay_ms 07D4      __end_of_delay_us 07A6        __pcstackCOMMON 0070  
  __size_of_delay_sec 0015            __pmaintext 07D4             ?_delay_ms 0072             ?_delay_us 0070  
   __end_of_delay_sec 07BB      delay_ms@ms_count 0072            ??_delay_ms 0074            ??_delay_us 0072  
end_of_initialization 0792      delay_us@us_count 0070   start_initialization 0792     __size_of_delay_ms 0019  
   __size_of_delay_us 0010             _delay_sec 07A6    delay_sec@sec_count 0074            ?_delay_sec 0070  
            _delay_ms 07BB              _delay_us 0796              __ptext83 07A6              __ptext84 07BB  
            __ptext85 0796              __ptext86 0000         __size_of_main 002C           ??_delay_sec 0074  
