

HI-TECH Software PIC LITE Macro Assembler V9.83 build 10920 
                                                                                               Mon Dec 24 21:34:30 2012

HI-TECH Software Omniscient Code Generator (Lite mode) build 10920
     1  0000                     opt subtitle "HI-TECH Software Omniscient Code Generator (Lite mode) build 10920"
     2                           
     3                           opt pagewidth 120
     4                           
     5                           	opt lm
     6                           
     7                           	processor	16F877A
     8                           clrc	macro
     9                           	bcf	3,0
    10  0000                     	endm
    11                           clrz	macro
    12                           	bcf	3,2
    13  0000                     	endm
    14                           setc	macro
    15                           	bsf	3,0
    16  0000                     	endm
    17                           setz	macro
    18                           	bsf	3,2
    19  0000                     	endm
    20                           skipc	macro
    21                           	btfss	3,0
    22  0000                     	endm
    23                           skipz	macro
    24                           	btfss	3,2
    25  0000                     	endm
    26                           skipnc	macro
    27                           	btfsc	3,0
    28  0000                     	endm
    29                           skipnz	macro
    30                           	btfsc	3,2
    31  0000                     	endm
    32  0000                     indf	equ	0
    33  0000                     indf0	equ	0
    34  0002                     pc	equ	2
    35  0002                     pcl	equ	2
    36  0003                     status	equ	3
    37  0004                     fsr	equ	4
    38  0004                     fsr0	equ	4
    39  0001                     c	equ	1
    40  0000                     z	equ	0
    41  000A                     pclath	equ	10
    42                           	FNCALL	_main,_UART_Init
    43                           	FNCALL	_main,_UART_RxChar
    44                           	FNCALL	_main,_UART_TxChar
    45                           	FNROOT	_main
    46                           	global	_RCREG
    47                           psect	text98,local,class=CODE,delta=2
    48                           global __ptext98
    49  0000                     __ptext98:
    50  001A                     _RCREG	set	26
    51                           	global	_RCSTA
    52  0018                     _RCSTA	set	24
    53                           	global	_TXREG
    54  0019                     _TXREG	set	25
    55                           	global	_CARRY
    56  0018                     _CARRY	set	24
    57                           	global	_GIE
    58  005F                     _GIE	set	95
    59                           	global	_RCIF
    60  0065                     _RCIF	set	101
    61                           	global	_TXIF
    62  0064                     _TXIF	set	100
    63                           	global	_SPBRG
    64  0099                     _SPBRG	set	153
    65                           	global	_TRISC
    66  0087                     _TRISC	set	135
    67                           	global	_TXSTA
    68  0098                     _TXSTA	set	152
    69                           	global	_EEADR
    70  010D                     _EEADR	set	269
    71                           	global	_EEDATA
    72  010C                     _EEDATA	set	268
    73                           	global	_EECON1
    74  018C                     _EECON1	set	396
    75                           	global	_EECON2
    76  018D                     _EECON2	set	397
    77                           	global	_RD
    78  0C60                     _RD	set	3168
    79                           	global	_WR
    80  0C61                     _WR	set	3169
    81                           	global	_WREN
    82  0C62                     _WREN	set	3170
    83                           	file	"rx_tx_char.as"
    84                           	line	#
    85                           psect cinit,class=CODE,delta=2
    86                           global start_initialization
    87  07BD                     start_initialization:
    88                           
    89                           psect cinit,class=CODE,delta=2
    90                           global end_of_initialization
    91                           
    92                           ;End of C runtime variable initialization code
    93                           
    94  07BD                     end_of_initialization:
    95  07BD  0183               clrf status
    96  07BE  120A  118A  2FE7   ljmp _main	;jump to C main() function
    97                           psect	cstackCOMMON,class=COMMON,space=1
    98                           global __pcstackCOMMON
    99  0070                     __pcstackCOMMON:
   100                           	global	?_UART_Init
   101  0070                     ?_UART_Init:	; 0 bytes @ 0x0
   102                           	global	??_UART_Init
   103  0070                     ??_UART_Init:	; 0 bytes @ 0x0
   104                           	global	??_UART_RxChar
   105  0070                     ??_UART_RxChar:	; 0 bytes @ 0x0
   106                           	global	?_UART_TxChar
   107  0070                     ?_UART_TxChar:	; 0 bytes @ 0x0
   108                           	global	??_UART_TxChar
   109  0070                     ??_UART_TxChar:	; 0 bytes @ 0x0
   110                           	global	?_main
   111  0070                     ?_main:	; 0 bytes @ 0x0
   112                           	global	?_UART_RxChar
   113  0070                     ?_UART_RxChar:	; 1 bytes @ 0x0
   114                           	global	UART_TxChar@ch
   115  0070                     UART_TxChar@ch:	; 1 bytes @ 0x0
   116  0070                     	ds	1
   117                           	global	??_main
   118  0071                     ??_main:	; 0 bytes @ 0x1
   119  0071                     	ds	1
   120                           	global	main@ch
   121  0072                     main@ch:	; 1 bytes @ 0x2
   122  0072                     	ds	1
   123 ;;Data sizes: Strings 0, constant 0, data 0, bss 0, persistent 0 stack 0
   124 ;;Auto spaces:   Size  Autos    Used
   125 ;; COMMON          14      3       3
   126 ;; BANK0           80      0       0
   127 ;; BANK1           80      0       0
   128 ;; BANK3           96      0       0
   129 ;; BANK2           96      0       0
   130                           
   131 ;;
   132 ;; Pointer list with targets:
   133                           
   134                           
   135                           
   136 ;;
   137 ;; Critical Paths under _main in COMMON
   138 ;;
   139 ;;   _main->_UART_TxChar
   140 ;;
   141 ;; Critical Paths under _main in BANK0
   142 ;;
   143 ;;   None.
   144 ;;
   145 ;; Critical Paths under _main in BANK1
   146 ;;
   147 ;;   None.
   148 ;;
   149 ;; Critical Paths under _main in BANK3
   150 ;;
   151 ;;   None.
   152 ;;
   153 ;; Critical Paths under _main in BANK2
   154 ;;
   155 ;;   None.
   156                           
   157 ;;
   158 ;;Main: autosize = 0, tempsize = 1, incstack = 0, save=0
   159 ;;
   160                           
   161 ;;
   162 ;;Call Graph Tables:
   163 ;;
   164 ;; ---------------------------------------------------------------------------------
   165 ;; (Depth) Function   	        Calls       Base Space   Used Autos Params    Refs
   166 ;; ---------------------------------------------------------------------------------
   167 ;; (0) _main                                                 2     2      0      30
   168 ;;                                              1 COMMON     2     2      0
   169 ;;                          _UART_Init
   170 ;;                        _UART_RxChar
   171 ;;                        _UART_TxChar
   172 ;; ---------------------------------------------------------------------------------
   173 ;; (1) _UART_TxChar                                          1     1      0      15
   174 ;;                                              0 COMMON     1     1      0
   175 ;; ---------------------------------------------------------------------------------
   176 ;; (1) _UART_RxChar                                          0     0      0       0
   177 ;; ---------------------------------------------------------------------------------
   178 ;; (1) _UART_Init                                            0     0      0       0
   179 ;; ---------------------------------------------------------------------------------
   180 ;; Estimated maximum stack depth 1
   181 ;; ---------------------------------------------------------------------------------
   182                           
   183 ;; Call Graph Graphs:
   184                           
   185 ;; _main (ROOT)
   186 ;;   _UART_Init
   187 ;;   _UART_RxChar
   188 ;;   _UART_TxChar
   189 ;;
   190                           
   191 ;; Address spaces:
   192                           
   193 ;;Name               Size   Autos  Total    Cost      Usage
   194 ;;BITCOMMON            E      0       0       0        0.0%
   195 ;;EEDATA             100      0       0       0        0.0%
   196 ;;NULL                 0      0       0       0        0.0%
   197 ;;CODE                 0      0       0       0        0.0%
   198 ;;COMMON               E      3       3       1       21.4%
   199 ;;BITSFR0              0      0       0       1        0.0%
   200 ;;SFR0                 0      0       0       1        0.0%
   201 ;;BITSFR1              0      0       0       2        0.0%
   202 ;;SFR1                 0      0       0       2        0.0%
   203 ;;STACK                0      0       1       2        0.0%
   204 ;;ABS                  0      0       0       3        0.0%
   205 ;;BITBANK0            50      0       0       4        0.0%
   206 ;;BITSFR3              0      0       0       4        0.0%
   207 ;;SFR3                 0      0       0       4        0.0%
   208 ;;BANK0               50      0       0       5        0.0%
   209 ;;BITSFR2              0      0       0       5        0.0%
   210 ;;SFR2                 0      0       0       5        0.0%
   211 ;;BITBANK1            50      0       0       6        0.0%
   212 ;;BANK1               50      0       0       7        0.0%
   213 ;;BITBANK3            60      0       0       8        0.0%
   214 ;;BANK3               60      0       0       9        0.0%
   215 ;;BITBANK2            60      0       0      10        0.0%
   216 ;;BANK2               60      0       0      11        0.0%
   217 ;;DATA                 0      0       0      12        0.0%
   218                           
   219                           	global	_main
   220                           psect	maintext,global,class=CODE,delta=2
   221                           global __pmaintext
   222  07E7                     __pmaintext:
   223                           
   224 ;; *************** function _main *****************
   225 ;; Defined at:
   226 ;;		line 17 in file "C:\Users\Xplore_labZ\Saved Games\Desktop\Sample_Programs_updated\Pic\Ultra_Pic\Serial_comm\rx_tx_ch
       ar\main.c"
   227 ;; Parameters:    Size  Location     Type
   228 ;;		None
   229 ;; Auto vars:     Size  Location     Type
   230 ;;  ch              1    2[COMMON] unsigned char 
   231 ;; Return value:  Size  Location     Type
   232 ;;		None               void
   233 ;; Registers used:
   234 ;;		wreg, status,2, status,0, pclath, cstack
   235 ;; Tracked objects:
   236 ;;		On entry : 17F/0
   237 ;;		On exit  : 0/0
   238 ;;		Unchanged: 0/0
   239 ;; Data sizes:     COMMON   BANK0   BANK1   BANK3   BANK2
   240 ;;      Params:         0       0       0       0       0
   241 ;;      Locals:         1       0       0       0       0
   242 ;;      Temps:          1       0       0       0       0
   243 ;;      Totals:         2       0       0       0       0
   244 ;;Total ram usage:        2 bytes
   245 ;; Hardware stack levels required when called:    1
   246 ;; This function calls:
   247 ;;		_UART_Init
   248 ;;		_UART_RxChar
   249 ;;		_UART_TxChar
   250 ;; This function is called by:
   251 ;;		Startup code after reset
   252 ;; This function uses a non-reentrant model
   253 ;;
   254                           psect	maintext
   255                           	file	"C:\Users\Xplore_labZ\Saved Games\Desktop\Sample_Programs_updated\Pic\Ultra_Pic\Se
                                 rial_comm\rx_tx_char\main.c"
   256                           	line	17
   257                           	global	__size_of_main
   258  0019                     	__size_of_main	equ	__end_of_main-_main
   259                           	
   260  07E7                     _main:	
   261                           	opt	stack 7
   262                           ; Regs used in _main: [wreg+status,2+status,0+pclath+cstack]
   263                           	line	21
   264                           	
   265  07E7                     l3466:	
   266                           ;main.c: 18: char ch;
   267                           ;main.c: 21: UART_Init();
   268  07E7  120A  118A  27D8   	fcall	_UART_Init
              120A  118A         
   269  07EC  2FED               	goto	l3468
   270                           	line	23
   271                           ;main.c: 23: while(1)
   272                           	
   273  07ED                     l691:	
   274                           	line	26
   275                           	
   276  07ED                     l3468:	
   277                           ;main.c: 24: {
   278                           ;main.c: 26: ch=UART_RxChar();
   279  07ED  120A  118A  27C1   	fcall	_UART_RxChar
              120A  118A         
   280  07F2  00F1               	movwf	(??_main+0)+0
   281  07F3  0871               	movf	(??_main+0)+0,w
   282  07F4  00F2               	movwf	(main@ch)
   283                           	line	28
   284                           	
   285  07F5                     l3470:	
   286                           ;main.c: 28: UART_TxChar(ch);
   287  07F5  0872               	movf	(main@ch),w
   288  07F6  120A  118A  27CC   	fcall	_UART_TxChar
              120A  118A         
   289  07FB  2FED               	goto	l3468
   290                           	line	29
   291                           	
   292  07FC                     l692:	
   293                           	line	23
   294  07FC  2FED               	goto	l3468
   295                           	
   296  07FD                     l693:	
   297                           	line	31
   298                           	
   299  07FD                     l694:	
   300                           	global	start
   301  07FD  120A  118A  2800   	ljmp	start
   302                           	opt stack 0
   303                           GLOBAL	__end_of_main
   304  0800                     	__end_of_main:
   305 ;; =============== function _main ends ============
   306                           
   307                           	signat	_main,88
   308                           	global	_UART_TxChar
   309                           psect	text99,local,class=CODE,delta=2
   310                           global __ptext99
   311  07CC                     __ptext99:
   312                           
   313 ;; *************** function _UART_TxChar *****************
   314 ;; Defined at:
   315 ;;		line 80 in file "C:\Users\Xplore_labZ\Saved Games\Desktop\Sample_Programs_updated\Pic\Ultra_Pic\Serial_comm\rx_tx_ch
       ar\uart.c"
   316 ;; Parameters:    Size  Location     Type
   317 ;;  ch              1    wreg     unsigned char 
   318 ;; Auto vars:     Size  Location     Type
   319 ;;  ch              1    0[COMMON] unsigned char 
   320 ;; Return value:  Size  Location     Type
   321 ;;		None               void
   322 ;; Registers used:
   323 ;;		wreg
   324 ;; Tracked objects:
   325 ;;		On entry : 0/0
   326 ;;		On exit  : 0/0
   327 ;;		Unchanged: 0/0
   328 ;; Data sizes:     COMMON   BANK0   BANK1   BANK3   BANK2
   329 ;;      Params:         0       0       0       0       0
   330 ;;      Locals:         1       0       0       0       0
   331 ;;      Temps:          0       0       0       0       0
   332 ;;      Totals:         1       0       0       0       0
   333 ;;Total ram usage:        1 bytes
   334 ;; Hardware stack levels used:    1
   335 ;; This function calls:
   336 ;;		Nothing
   337 ;; This function is called by:
   338 ;;		_main
   339 ;;		_UART_TxString
   340 ;;		_UART_RxString
   341 ;;		_UART_TxNumber
   342 ;; This function uses a non-reentrant model
   343 ;;
   344                           psect	text99
   345                           	file	"C:\Users\Xplore_labZ\Saved Games\Desktop\Sample_Programs_updated\Pic\Ultra_Pic\Se
                                 rial_comm\rx_tx_char\uart.c"
   346                           	line	80
   347                           	global	__size_of_UART_TxChar
   348  000C                     	__size_of_UART_TxChar	equ	__end_of_UART_TxChar-_UART_TxChar
   349                           	
   350  07CC                     _UART_TxChar:	
   351                           	opt	stack 7
   352                           ; Regs used in _UART_TxChar: [wreg]
   353                           ;UART_TxChar@ch stored from wreg
   354  07CC  00F0               	movwf	(UART_TxChar@ch)
   355                           	line	81
   356                           	
   357  07CD                     l2576:	
   358                           ;uart.c: 81: while(TXIF==0);
   359  07CD  2FCE               	goto	l1388
   360                           	
   361  07CE                     l1389:	
   362                           	
   363  07CE                     l1388:	
   364  07CE  1283               	bcf	status, 5	;RP0=0, select bank0
   365  07CF  1303               	bcf	status, 6	;RP1=0, select bank0
   366  07D0  1E0C               	btfss	(100/8),(100)&7
   367  07D1  2FD3               	goto	u21
   368  07D2  2FD4               	goto	u20
   369  07D3                     u21:
   370  07D3  2FCE               	goto	l1388
   371  07D4                     u20:
   372                           	
   373  07D4                     l1390:	
   374                           	line	82
   375                           ;uart.c: 82: TXIF=0;
   376  07D4  120C               	bcf	(100/8),(100)&7
   377                           	line	83
   378                           	
   379  07D5                     l2578:	
   380                           ;uart.c: 83: TXREG=ch;
   381  07D5  0870               	movf	(UART_TxChar@ch),w
   382  07D6  0099               	movwf	(25)	;volatile
   383                           	line	84
   384                           	
   385  07D7                     l1391:	
   386  07D7  0008               	return
   387                           	opt stack 0
   388                           GLOBAL	__end_of_UART_TxChar
   389  07D8                     	__end_of_UART_TxChar:
   390 ;; =============== function _UART_TxChar ends ============
   391                           
   392                           	signat	_UART_TxChar,4216
   393                           	global	_UART_RxChar
   394                           psect	text100,local,class=CODE,delta=2
   395                           global __ptext100
   396  07C1                     __ptext100:
   397                           
   398 ;; *************** function _UART_RxChar *****************
   399 ;; Defined at:
   400 ;;		line 54 in file "C:\Users\Xplore_labZ\Saved Games\Desktop\Sample_Programs_updated\Pic\Ultra_Pic\Serial_comm\rx_tx_ch
       ar\uart.c"
   401 ;; Parameters:    Size  Location     Type
   402 ;;		None
   403 ;; Auto vars:     Size  Location     Type
   404 ;;		None
   405 ;; Return value:  Size  Location     Type
   406 ;;                  1    wreg      unsigned char 
   407 ;; Registers used:
   408 ;;		wreg
   409 ;; Tracked objects:
   410 ;;		On entry : 0/0
   411 ;;		On exit  : 0/0
   412 ;;		Unchanged: 0/0
   413 ;; Data sizes:     COMMON   BANK0   BANK1   BANK3   BANK2
   414 ;;      Params:         0       0       0       0       0
   415 ;;      Locals:         0       0       0       0       0
   416 ;;      Temps:          0       0       0       0       0
   417 ;;      Totals:         0       0       0       0       0
   418 ;;Total ram usage:        0 bytes
   419 ;; Hardware stack levels used:    1
   420 ;; This function calls:
   421 ;;		Nothing
   422 ;; This function is called by:
   423 ;;		_main
   424 ;;		_UART_RxString
   425 ;; This function uses a non-reentrant model
   426 ;;
   427                           psect	text100
   428                           	file	"C:\Users\Xplore_labZ\Saved Games\Desktop\Sample_Programs_updated\Pic\Ultra_Pic\Se
                                 rial_comm\rx_tx_char\uart.c"
   429                           	line	54
   430                           	global	__size_of_UART_RxChar
   431  000B                     	__size_of_UART_RxChar	equ	__end_of_UART_RxChar-_UART_RxChar
   432                           	
   433  07C1                     _UART_RxChar:	
   434                           	opt	stack 7
   435                           ; Regs used in _UART_RxChar: [wreg]
   436                           	line	55
   437                           	
   438  07C1                     l2570:	
   439                           ;uart.c: 55: while(RCIF==0);
   440  07C1  2FC2               	goto	l1382
   441                           	
   442  07C2                     l1383:	
   443                           	
   444  07C2                     l1382:	
   445  07C2  1283               	bcf	status, 5	;RP0=0, select bank0
   446  07C3  1303               	bcf	status, 6	;RP1=0, select bank0
   447  07C4  1E8C               	btfss	(101/8),(101)&7
   448  07C5  2FC7               	goto	u11
   449  07C6  2FC8               	goto	u10
   450  07C7                     u11:
   451  07C7  2FC2               	goto	l1382
   452  07C8                     u10:
   453                           	
   454  07C8                     l1384:	
   455                           	line	56
   456                           ;uart.c: 56: RCIF=0;
   457  07C8  128C               	bcf	(101/8),(101)&7
   458                           	line	57
   459                           	
   460  07C9                     l2572:	
   461                           ;uart.c: 57: return(RCREG);
   462  07C9  081A               	movf	(26),w	;volatile
   463  07CA  2FCB               	goto	l1385
   464                           	
   465  07CB                     l2574:	
   466                           	line	58
   467                           	
   468  07CB                     l1385:	
   469  07CB  0008               	return
   470                           	opt stack 0
   471                           GLOBAL	__end_of_UART_RxChar
   472  07CC                     	__end_of_UART_RxChar:
   473 ;; =============== function _UART_RxChar ends ============
   474                           
   475                           	signat	_UART_RxChar,89
   476                           	global	_UART_Init
   477                           psect	text101,local,class=CODE,delta=2
   478                           global __ptext101
   479  07D8                     __ptext101:
   480                           
   481 ;; *************** function _UART_Init *****************
   482 ;; Defined at:
   483 ;;		line 31 in file "C:\Users\Xplore_labZ\Saved Games\Desktop\Sample_Programs_updated\Pic\Ultra_Pic\Serial_comm\rx_tx_ch
       ar\uart.c"
   484 ;; Parameters:    Size  Location     Type
   485 ;;		None
   486 ;; Auto vars:     Size  Location     Type
   487 ;;		None
   488 ;; Return value:  Size  Location     Type
   489 ;;		None               void
   490 ;; Registers used:
   491 ;;		wreg
   492 ;; Tracked objects:
   493 ;;		On entry : 0/0
   494 ;;		On exit  : 0/0
   495 ;;		Unchanged: 0/0
   496 ;; Data sizes:     COMMON   BANK0   BANK1   BANK3   BANK2
   497 ;;      Params:         0       0       0       0       0
   498 ;;      Locals:         0       0       0       0       0
   499 ;;      Temps:          0       0       0       0       0
   500 ;;      Totals:         0       0       0       0       0
   501 ;;Total ram usage:        0 bytes
   502 ;; Hardware stack levels used:    1
   503 ;; This function calls:
   504 ;;		Nothing
   505 ;; This function is called by:
   506 ;;		_main
   507 ;; This function uses a non-reentrant model
   508 ;;
   509                           psect	text101
   510                           	file	"C:\Users\Xplore_labZ\Saved Games\Desktop\Sample_Programs_updated\Pic\Ultra_Pic\Se
                                 rial_comm\rx_tx_char\uart.c"
   511                           	line	31
   512                           	global	__size_of_UART_Init
   513  000F                     	__size_of_UART_Init	equ	__end_of_UART_Init-_UART_Init
   514                           	
   515  07D8                     _UART_Init:	
   516                           	opt	stack 7
   517                           ; Regs used in _UART_Init: [wreg]
   518                           	line	32
   519                           	
   520  07D8                     l2568:	
   521                           ;uart.c: 32: TRISC=0x80;
   522  07D8  3080               	movlw	(080h)
   523  07D9  1683               	bsf	status, 5	;RP0=1, select bank1
   524  07DA  1303               	bcf	status, 6	;RP1=0, select bank1
   525  07DB  0087               	movwf	(135)^080h	;volatile
   526                           	line	33
   527                           ;uart.c: 33: TXSTA=0x20;
   528  07DC  3020               	movlw	(020h)
   529  07DD  0098               	movwf	(152)^080h	;volatile
   530                           	line	34
   531                           ;uart.c: 34: RCSTA=0x90;
   532  07DE  3090               	movlw	(090h)
   533  07DF  1283               	bcf	status, 5	;RP0=0, select bank0
   534  07E0  1303               	bcf	status, 6	;RP1=0, select bank0
   535  07E1  0098               	movwf	(24)	;volatile
   536                           	line	35
   537                           ;uart.c: 35: SPBRG=31;
   538  07E2  301F               	movlw	(01Fh)
   539  07E3  1683               	bsf	status, 5	;RP0=1, select bank1
   540  07E4  1303               	bcf	status, 6	;RP1=0, select bank1
   541  07E5  0099               	movwf	(153)^080h	;volatile
   542                           	line	36
   543                           	
   544  07E6                     l1379:	
   545  07E6  0008               	return
   546                           	opt stack 0
   547                           GLOBAL	__end_of_UART_Init
   548  07E7                     	__end_of_UART_Init:
   549 ;; =============== function _UART_Init ends ============
   550                           
   551                           	signat	_UART_Init,88
   552                           psect	text102,local,class=CODE,delta=2
   553                           global __ptext102
   554  0000                     __ptext102:
   555                           	global	btemp
   556  007E                     	btemp set 07Eh
   557                           
   558                           	DABS	1,126,2	;btemp
   559                           	global	wtemp0
   560  007E                     	wtemp0 set btemp


HI-TECH Software PICC Macro Assembler V9.83 build 10920 
Symbol Table                                                                                   Mon Dec 24 21:34:30 2012

                  _RD 0C60                    u10 07C8                    u11 07C7                    u20 07D4  
                  u21 07D3                    _WR 0C61                   l691 07ED                   l692 07FC  
                 l693 07FD                   l694 07FD                   _GIE 005F                  l1382 07C2  
                l1390 07D4                  l1383 07C2                  l1391 07D7                  l1384 07C8  
                l1385 07CB                  l1379 07E6                  l1388 07CE                  l1389 07CE  
                l2570 07C1                  l2572 07C9                  l2574 07CB                  l3470 07F5  
                l2568 07D8                  l2576 07CD                  l2578 07D5                  l3466 07E7  
                l3468 07ED                  _RCIF 0065                  _WREN 0C62                  _TXIF 0064  
                _main 07E7                  btemp 007E                  start 0000                 ?_main 0070  
               _EEADR 010D                 _CARRY 0018                 _RCREG 001A                 _RCSTA 0018  
               _SPBRG 0099                 _TRISC 0087                 _TXREG 0019                 _TXSTA 0098  
  __size_of_UART_Init 000F                 status 0003                 wtemp0 007E          __end_of_main 0800  
              ??_main 0071                _EEDATA 010C                _EECON1 018C                _EECON2 018D  
        ?_UART_RxChar 0070          ?_UART_TxChar 0070     __end_of_UART_Init 07E7                main@ch 0072  
      __pcstackCOMMON 0070            __pmaintext 07E7  __size_of_UART_RxChar 000B  __size_of_UART_TxChar 000C  
end_of_initialization 07BD             _UART_Init 07D8            ?_UART_Init 0070   start_initialization 07BD  
           __ptext100 07C1             __ptext101 07D8             __ptext102 0000           ??_UART_Init 0070  
       UART_TxChar@ch 0070         ??_UART_RxChar 0070         ??_UART_TxChar 0070   __end_of_UART_RxChar 07CC  
 __end_of_UART_TxChar 07D8              __ptext98 0000              __ptext99 07CC         __size_of_main 0019  
         _UART_RxChar 07C1           _UART_TxChar 07CC  
